  main.cpp
  Chromosome.cpp
c:\users\belvisoft\documents\github\senior-project\gnn\chromosome.cpp(23): warning C4018: '<': signed/unsigned mismatch
c:\users\belvisoft\documents\github\senior-project\gnn\chromosome.cpp(25): warning C4018: '<': signed/unsigned mismatch
c:\users\belvisoft\documents\github\senior-project\gnn\chromosome.cpp(40): warning C4018: '<': signed/unsigned mismatch
c:\users\belvisoft\documents\github\senior-project\gnn\chromosome.cpp(42): warning C4018: '<': signed/unsigned mismatch
c:\users\belvisoft\documents\github\senior-project\gnn\chromosome.cpp(127): warning C4018: '<': signed/unsigned mismatch
c:\users\belvisoft\documents\github\senior-project\gnn\chromosome.cpp(137): warning C4244: 'argument': conversion from 'time_t' to 'unsigned int', possible loss of data
c:\users\belvisoft\documents\github\senior-project\gnn\chromosome.cpp(247): error C2065: 'mat': undeclared identifier
c:\users\belvisoft\documents\github\senior-project\gnn\chromosome.cpp(247): error C2923: 'std::list': 'mat' is not a valid template type argument for parameter '_Ty'
c:\users\belvisoft\documents\github\senior-project\gnn\chromosome.cpp(247): error C3203: 'allocator': unspecialized class template can't be used as a template argument for template parameter '_Alloc', expected a real type
c:\users\belvisoft\documents\github\senior-project\gnn\chromosome.cpp(247): error C2133: 'stack': unknown size
c:\users\belvisoft\documents\github\senior-project\gnn\chromosome.cpp(247): error C2512: 'std::list': no appropriate default constructor available
  c:\program files (x86)\microsoft visual studio\2017\community\vc\tools\msvc\14.10.25017\include\list(879): note: see declaration of 'std::list'
c:\users\belvisoft\documents\github\senior-project\gnn\chromosome.cpp(248): warning C4018: '<': signed/unsigned mismatch
c:\users\belvisoft\documents\github\senior-project\gnn\chromosome.cpp(250): warning C4018: '<': signed/unsigned mismatch
c:\users\belvisoft\documents\github\senior-project\gnn\chromosome.cpp(262): error C3861: 'mat': identifier not found
c:\users\belvisoft\documents\github\senior-project\gnn\chromosome.cpp(263): error C2662: 'bool std::list<_Ty,_Alloc>::empty(void) noexcept const': cannot convert 'this' pointer from 'std::list' to 'const std::list<_Ty,_Alloc> &'
  c:\users\belvisoft\documents\github\senior-project\gnn\chromosome.cpp(263): note: Reason: cannot convert from 'std::list' to 'const std::list<_Ty,_Alloc>'
  c:\users\belvisoft\documents\github\senior-project\gnn\chromosome.cpp(263): note: Conversion requires a second user-defined-conversion operator or constructor
c:\users\belvisoft\documents\github\senior-project\gnn\chromosome.cpp(265): error C2663: 'std::list<_Ty,_Alloc>::front': 2 overloads have no legal conversion for 'this' pointer
c:\users\belvisoft\documents\github\senior-project\gnn\chromosome.cpp(265): error C2228: left of '.gene' must have class/struct/union
c:\users\belvisoft\documents\github\senior-project\gnn\chromosome.cpp(265): error C2228: left of '.gene_indicies' must have class/struct/union
c:\users\belvisoft\documents\github\senior-project\gnn\chromosome.cpp(265): error C2228: left of '.size' must have class/struct/union
c:\users\belvisoft\documents\github\senior-project\gnn\chromosome.cpp(266): error C2663: 'std::list<_Ty,_Alloc>::front': 2 overloads have no legal conversion for 'this' pointer
c:\users\belvisoft\documents\github\senior-project\gnn\chromosome.cpp(266): error C2228: left of '.index' must have class/struct/union
c:\users\belvisoft\documents\github\senior-project\gnn\chromosome.cpp(268): error C2663: 'std::list<_Ty,_Alloc>::front': 2 overloads have no legal conversion for 'this' pointer
c:\users\belvisoft\documents\github\senior-project\gnn\chromosome.cpp(268): error C2228: left of '.gene' must have class/struct/union
c:\users\belvisoft\documents\github\senior-project\gnn\chromosome.cpp(268): error C2228: left of '.gene_indicies' must have class/struct/union
c:\users\belvisoft\documents\github\senior-project\gnn\chromosome.cpp(268): error C2228: left of '.index' must have class/struct/union
c:\users\belvisoft\documents\github\senior-project\gnn\chromosome.cpp(270): error C2663: 'std::list<_Ty,_Alloc>::front': 2 overloads have no legal conversion for 'this' pointer
c:\users\belvisoft\documents\github\senior-project\gnn\chromosome.cpp(270): error C2228: left of '.count' must have class/struct/union
c:\users\belvisoft\documents\github\senior-project\gnn\chromosome.cpp(270): error C2228: left of '.index' must have class/struct/union
c:\users\belvisoft\documents\github\senior-project\gnn\chromosome.cpp(273): error C2663: 'std::list<_Ty,_Alloc>::front': 2 overloads have no legal conversion for 'this' pointer
c:\users\belvisoft\documents\github\senior-project\gnn\chromosome.cpp(273): error C2228: left of '.index' must have class/struct/union
c:\users\belvisoft\documents\github\senior-project\gnn\chromosome.cpp(275): error C2663: 'std::list<_Ty,_Alloc>::front': 2 overloads have no legal conversion for 'this' pointer
c:\users\belvisoft\documents\github\senior-project\gnn\chromosome.cpp(275): error C2228: left of '.gene' must have class/struct/union
c:\users\belvisoft\documents\github\senior-project\gnn\chromosome.cpp(275): error C2228: left of '.gene_weights' must have class/struct/union
c:\users\belvisoft\documents\github\senior-project\gnn\chromosome.cpp(275): error C2228: left of '.index' must have class/struct/union
c:\users\belvisoft\documents\github\senior-project\gnn\chromosome.cpp(278): error C2663: 'std::list<_Ty,_Alloc>::front': 2 overloads have no legal conversion for 'this' pointer
c:\users\belvisoft\documents\github\senior-project\gnn\chromosome.cpp(278): error C2228: left of '.index' must have class/struct/union
c:\users\belvisoft\documents\github\senior-project\gnn\chromosome.cpp(279): error C2663: 'std::list<_Ty,_Alloc>::front': 2 overloads have no legal conversion for 'this' pointer
c:\users\belvisoft\documents\github\senior-project\gnn\chromosome.cpp(279): error C2228: left of '.gene' must have class/struct/union
c:\users\belvisoft\documents\github\senior-project\gnn\chromosome.cpp(279): error C2228: left of '.gene_indicies' must have class/struct/union
c:\users\belvisoft\documents\github\senior-project\gnn\chromosome.cpp(279): error C2228: left of '.index' must have class/struct/union
c:\users\belvisoft\documents\github\senior-project\gnn\chromosome.cpp(279): error C2228: left of '.in_edge' must have class/struct/union
c:\users\belvisoft\documents\github\senior-project\gnn\chromosome.cpp(279): error C2228: left of '.inputs' must have class/struct/union
c:\users\belvisoft\documents\github\senior-project\gnn\chromosome.cpp(279): error C3861: 'mat': identifier not found
c:\users\belvisoft\documents\github\senior-project\gnn\chromosome.cpp(284): error C2663: 'std::list<_Ty,_Alloc>::front': 2 overloads have no legal conversion for 'this' pointer
c:\users\belvisoft\documents\github\senior-project\gnn\chromosome.cpp(284): error C2228: left of '.index' must have class/struct/union
c:\users\belvisoft\documents\github\senior-project\gnn\chromosome.cpp(285): error C2663: 'std::list<_Ty,_Alloc>::front': 2 overloads have no legal conversion for 'this' pointer
c:\users\belvisoft\documents\github\senior-project\gnn\chromosome.cpp(285): error C2228: left of '.gene' must have class/struct/union
c:\users\belvisoft\documents\github\senior-project\gnn\chromosome.cpp(285): error C2228: left of '.gene_indicies' must have class/struct/union
c:\users\belvisoft\documents\github\senior-project\gnn\chromosome.cpp(285): error C2228: left of '.index' must have class/struct/union
c:\users\belvisoft\documents\github\senior-project\gnn\chromosome.cpp(285): error C3861: 'mat': identifier not found
c:\users\belvisoft\documents\github\senior-project\gnn\chromosome.cpp(291): error C2663: 'std::list<_Ty,_Alloc>::front': 2 overloads have no legal conversion for 'this' pointer
c:\users\belvisoft\documents\github\senior-project\gnn\chromosome.cpp(291): error C2228: left of '.count' must have class/struct/union
c:\users\belvisoft\documents\github\senior-project\gnn\chromosome.cpp(291): error C2228: left of '.index' must have class/struct/union
c:\users\belvisoft\documents\github\senior-project\gnn\chromosome.cpp(292): error C2065: 'row': undeclared identifier
c:\users\belvisoft\documents\github\senior-project\gnn\chromosome.cpp(292): error C2228: left of '.push_back' must have class/struct/union
  c:\users\belvisoft\documents\github\senior-project\gnn\chromosome.cpp(292): note: type is 'unknown-type'
c:\users\belvisoft\documents\github\senior-project\gnn\chromosome.cpp(292): error C2663: 'std::list<_Ty,_Alloc>::front': 2 overloads have no legal conversion for 'this' pointer
c:\users\belvisoft\documents\github\senior-project\gnn\chromosome.cpp(292): error C2228: left of '.in_edge' must have class/struct/union
c:\users\belvisoft\documents\github\senior-project\gnn\chromosome.cpp(294): error C2065: 'row': undeclared identifier
c:\users\belvisoft\documents\github\senior-project\gnn\chromosome.cpp(294): error C2228: left of '.push_back' must have class/struct/union
  c:\users\belvisoft\documents\github\senior-project\gnn\chromosome.cpp(294): note: type is 'unknown-type'
c:\users\belvisoft\documents\github\senior-project\gnn\chromosome.cpp(296): error C2065: 'row': undeclared identifier
c:\users\belvisoft\documents\github\senior-project\gnn\chromosome.cpp(296): error C2228: left of '.push_back' must have class/struct/union
  c:\users\belvisoft\documents\github\senior-project\gnn\chromosome.cpp(296): note: type is 'unknown-type'
c:\users\belvisoft\documents\github\senior-project\gnn\chromosome.cpp(296): error C2663: 'std::list<_Ty,_Alloc>::front': 2 overloads have no legal conversion for 'this' pointer
c:\users\belvisoft\documents\github\senior-project\gnn\chromosome.cpp(296): error C2228: left of '.gene' must have class/struct/union
c:\users\belvisoft\documents\github\senior-project\gnn\chromosome.cpp(296): error C2228: left of '.gene_weights' must have class/struct/union
c:\users\belvisoft\documents\github\senior-project\gnn\chromosome.cpp(296): error C2228: left of '.index' must have class/struct/union
c:\users\belvisoft\documents\github\senior-project\gnn\chromosome.cpp(298): error C2663: 'std::list<_Ty,_Alloc>::front': 2 overloads have no legal conversion for 'this' pointer
c:\users\belvisoft\documents\github\senior-project\gnn\chromosome.cpp(298): error C2228: left of '.index' must have class/struct/union
c:\users\belvisoft\documents\github\senior-project\gnn\chromosome.cpp(306): error C3861: 'mat': identifier not found
c:\users\belvisoft\documents\github\senior-project\gnn\chromosome.cpp(307): error C2662: 'bool std::list<_Ty,_Alloc>::empty(void) noexcept const': cannot convert 'this' pointer from 'std::list' to 'const std::list<_Ty,_Alloc> &'
  c:\users\belvisoft\documents\github\senior-project\gnn\chromosome.cpp(307): note: Reason: cannot convert from 'std::list' to 'const std::list<_Ty,_Alloc>'
  c:\users\belvisoft\documents\github\senior-project\gnn\chromosome.cpp(307): note: Conversion requires a second user-defined-conversion operator or constructor
c:\users\belvisoft\documents\github\senior-project\gnn\chromosome.cpp(315): error C2065: 'row': undeclared identifier
c:\users\belvisoft\documents\github\senior-project\gnn\chromosome.cpp(315): error C2228: left of '.push_back' must have class/struct/union
  c:\users\belvisoft\documents\github\senior-project\gnn\chromosome.cpp(315): note: type is 'unknown-type'
c:\users\belvisoft\documents\github\senior-project\gnn\chromosome.cpp(322): error C2084: function 'std::vector<std::vector<std::string,std::allocator<_Ty>>,std::allocator<std::vector<_Ty,std::allocator<_Ty>>>> Chromosome::build_matrix(void)' already has a body
          with
          [
              _Ty=std::string
          ]
  c:\users\belvisoft\documents\github\senior-project\gnn\chromosome.cpp(244): note: see previous definition of 'build_matrix'
c:\users\belvisoft\documents\github\senior-project\gnn\chromosome.cpp(326): warning C4018: '<': signed/unsigned mismatch
c:\users\belvisoft\documents\github\senior-project\gnn\chromosome.cpp(335): warning C4018: '<': signed/unsigned mismatch
c:\users\belvisoft\documents\github\senior-project\gnn\chromosome.cpp(359): warning C4018: '<': signed/unsigned mismatch
c:\users\belvisoft\documents\github\senior-project\gnn\chromosome.cpp(371): warning C4018: '<': signed/unsigned mismatch
c:\users\belvisoft\documents\github\senior-project\gnn\chromosome.cpp(373): warning C4018: '<': signed/unsigned mismatch
c:\users\belvisoft\documents\github\senior-project\gnn\chromosome.cpp(435): warning C4018: '>': signed/unsigned mismatch
c:\users\belvisoft\documents\github\senior-project\gnn\chromosome.cpp(461): warning C4018: '<': signed/unsigned mismatch
c:\users\belvisoft\documents\github\senior-project\gnn\chromosome.cpp(466): warning C4018: '<': signed/unsigned mismatch
c:\users\belvisoft\documents\github\senior-project\gnn\chromosome.cpp(468): warning C4018: '<': signed/unsigned mismatch
  Generating Code...
